{"/home/joseph/dev/packt/ReactDesignPatterns/simple-testing/src/Hello.js": {"path":"/home/joseph/dev/packt/ReactDesignPatterns/simple-testing/src/Hello.js","statementMap":{"0":{"start":{"line":3,"column":14},"end":{"line":3,"column":79}},"1":{"start":{"line":3,"column":23},"end":{"line":3,"column":79}}},"fnMap":{"0":{"name":"(anonymous_0)","decl":{"start":{"line":3,"column":14},"end":{"line":3,"column":15}},"loc":{"start":{"line":3,"column":23},"end":{"line":3,"column":79}},"line":3}},"branchMap":{"0":{"loc":{"start":{"line":3,"column":52},"end":{"line":3,"column":73}},"type":"binary-expr","locations":[{"start":{"line":3,"column":52},"end":{"line":3,"column":62}},{"start":{"line":3,"column":66},"end":{"line":3,"column":73}}],"line":3}},"s":{"0":1,"1":2},"f":{"0":2},"b":{"0":[2,1]},"_coverageSchema":"1a1c01bbd47fc00a2c39e90264f33305004495a9","hash":"93bd77dc0627101653c584a62e4f6937eda3d081"}
}
